  AppI.cpp
  Vector.cpp
  Moon.cpp
  Device_glfw.cpp
  Device_windows.cpp
  CommandBuffer.cpp
E:\Users\Administrator\source\repos\Moon\Moon\Runtime\Renderer\Private\CommandBuffer.cpp(24,24): warning C4018: “<”: 有符号/无符号不匹配
  Mesh.cpp
E:\Users\Administrator\source\repos\Moon\Moon\Runtime\Renderer\Private\Mesh.cpp(19,24): warning C4018: “<”: 有符号/无符号不匹配
E:\Users\Administrator\source\repos\Moon\Moon\Runtime\Renderer\Private\Mesh.cpp(31,24): warning C4018: “<”: 有符号/无符号不匹配
  RendererD3D9.cpp
  RendererGL.cpp
  Renderer.cpp
  RendererPipeline.cpp
E:\Users\Administrator\source\repos\Moon\Moon\Runtime\Renderer\Private\RendererPipeline.cpp(37,24): warning C4018: “<”: 有符号/无符号不匹配
  RendererProcessor.cpp
  Task.cpp
  Thread.cpp
  正在生成代码...
  Moon.vcxproj -> E:\Users\Administrator\source\repos\Moon\\Build\Moon.exe
